2021.09.22 19:49:01 INFO  app[][o.s.a.AppFileSystem] Cleaning or creating temp directory /opt/sonarqube/temp
2021.09.22 19:49:02 INFO  app[][o.s.a.es.EsSettings] Elasticsearch listening on /127.0.0.1:9001
2021.09.22 19:49:02 INFO  app[][o.s.a.ProcessLauncherImpl] Launch process[[key='es', ipcIndex=1, logFilenamePrefix=es]] from [/opt/sonarqube/elasticsearch]: /opt/sonarqube/elasticsearch/bin/elasticsearch
2021.09.22 19:49:13 INFO  app[][o.s.a.SchedulerImpl] Waiting for Elasticsearch to be up and running
2021.09.22 19:49:16 INFO  app[][o.e.p.PluginsService] no modules loaded
2021.09.22 19:49:17 INFO  app[][o.e.p.PluginsService] loaded plugin [org.elasticsearch.transport.Netty4Plugin]
2021.09.22 19:50:30 INFO  app[][o.s.a.SchedulerImpl] Process[es] is up
2021.09.22 19:50:30 INFO  app[][o.s.a.ProcessLauncherImpl] Launch process[[key='web', ipcIndex=2, logFilenamePrefix=web]] from [/opt/sonarqube]: /usr/local/openjdk-11/bin/java -Djava.awt.headless=true -Dfile.encoding=UTF-8 -Djava.io.tmpdir=/opt/sonarqube/temp --add-opens=java.base/java.util=ALL-UNNAMED --add-opens=java.base/java.lang=ALL-UNNAMED --add-opens=java.base/java.io=ALL-UNNAMED --add-opens=java.rmi/sun.rmi.transport=ALL-UNNAMED -Xmx512m -Xms128m -XX:+HeapDumpOnOutOfMemoryError -Djava.security.egd=file:/dev/./urandom -Dhttp.nonProxyHosts=localhost|127.*|[::1] -cp ./lib/common/*:/opt/sonarqube/lib/jdbc/h2/h2-1.3.176.jar org.sonar.server.app.WebServer /opt/sonarqube/temp/sq-process12829697138636126903properties
2021.09.22 19:52:04 INFO  app[][o.s.a.SchedulerImpl] Process[web] is stopped
2021.09.22 19:52:08 WARN  app[][o.s.a.p.AbstractManagedProcess] Process exited with exit value [es]: 143
2021.09.22 19:52:08 INFO  app[][o.s.a.SchedulerImpl] Process[es] is stopped
2021.09.22 19:52:08 INFO  app[][o.s.a.SchedulerImpl] SonarQube is stopped
2021.09.22 19:52:13 INFO  app[][o.s.a.AppFileSystem] Cleaning or creating temp directory /opt/sonarqube/temp
2021.09.22 19:52:13 INFO  app[][o.s.a.es.EsSettings] Elasticsearch listening on /127.0.0.1:9001
2021.09.22 19:52:13 INFO  app[][o.s.a.ProcessLauncherImpl] Launch process[[key='es', ipcIndex=1, logFilenamePrefix=es]] from [/opt/sonarqube/elasticsearch]: /opt/sonarqube/elasticsearch/bin/elasticsearch
2021.09.22 19:52:13 INFO  app[][o.s.a.SchedulerImpl] Waiting for Elasticsearch to be up and running
2021.09.22 19:52:14 INFO  app[][o.e.p.PluginsService] no modules loaded
2021.09.22 19:52:14 INFO  app[][o.e.p.PluginsService] loaded plugin [org.elasticsearch.transport.Netty4Plugin]
2021.09.22 19:52:55 INFO  app[][o.s.a.SchedulerImpl] Process[es] is up
2021.09.22 19:52:55 INFO  app[][o.s.a.ProcessLauncherImpl] Launch process[[key='web', ipcIndex=2, logFilenamePrefix=web]] from [/opt/sonarqube]: /usr/local/openjdk-11/bin/java -Djava.awt.headless=true -Dfile.encoding=UTF-8 -Djava.io.tmpdir=/opt/sonarqube/temp --add-opens=java.base/java.util=ALL-UNNAMED --add-opens=java.base/java.lang=ALL-UNNAMED --add-opens=java.base/java.io=ALL-UNNAMED --add-opens=java.rmi/sun.rmi.transport=ALL-UNNAMED -Xmx512m -Xms128m -XX:+HeapDumpOnOutOfMemoryError -Djava.security.egd=file:/dev/./urandom -Dhttp.nonProxyHosts=localhost|127.*|[::1] -cp ./lib/common/*:/opt/sonarqube/lib/jdbc/h2/h2-1.3.176.jar org.sonar.server.app.WebServer /opt/sonarqube/temp/sq-process7613818167287653627properties
2021.09.22 19:53:52 INFO  app[][o.s.a.SchedulerImpl] Process[web] is stopped
2021.09.22 19:53:54 WARN  app[][o.s.a.p.AbstractManagedProcess] Process exited with exit value [es]: 143
2021.09.22 19:53:54 INFO  app[][o.s.a.SchedulerImpl] Process[es] is stopped
2021.09.22 19:53:54 INFO  app[][o.s.a.SchedulerImpl] SonarQube is stopped
2021.09.22 19:53:59 INFO  app[][o.s.a.AppFileSystem] Cleaning or creating temp directory /opt/sonarqube/temp
2021.09.22 19:53:59 INFO  app[][o.s.a.es.EsSettings] Elasticsearch listening on /127.0.0.1:9001
2021.09.22 19:53:59 INFO  app[][o.s.a.ProcessLauncherImpl] Launch process[[key='es', ipcIndex=1, logFilenamePrefix=es]] from [/opt/sonarqube/elasticsearch]: /opt/sonarqube/elasticsearch/bin/elasticsearch
2021.09.22 19:53:59 INFO  app[][o.s.a.SchedulerImpl] Waiting for Elasticsearch to be up and running
2021.09.22 19:54:00 INFO  app[][o.e.p.PluginsService] no modules loaded
2021.09.22 19:54:00 INFO  app[][o.e.p.PluginsService] loaded plugin [org.elasticsearch.transport.Netty4Plugin]
2021.09.22 19:54:54 INFO  app[][o.s.a.SchedulerImpl] Process[es] is up
2021.09.22 19:54:54 INFO  app[][o.s.a.ProcessLauncherImpl] Launch process[[key='web', ipcIndex=2, logFilenamePrefix=web]] from [/opt/sonarqube]: /usr/local/openjdk-11/bin/java -Djava.awt.headless=true -Dfile.encoding=UTF-8 -Djava.io.tmpdir=/opt/sonarqube/temp --add-opens=java.base/java.util=ALL-UNNAMED --add-opens=java.base/java.lang=ALL-UNNAMED --add-opens=java.base/java.io=ALL-UNNAMED --add-opens=java.rmi/sun.rmi.transport=ALL-UNNAMED -Xmx512m -Xms128m -XX:+HeapDumpOnOutOfMemoryError -Djava.security.egd=file:/dev/./urandom -Dhttp.nonProxyHosts=localhost|127.*|[::1] -cp ./lib/common/*:/opt/sonarqube/lib/jdbc/h2/h2-1.3.176.jar org.sonar.server.app.WebServer /opt/sonarqube/temp/sq-process16633817504776753869properties
2021.09.22 19:55:36 INFO  app[][o.s.a.SchedulerImpl] Process[web] is stopped
2021.09.22 19:55:36 WARN  app[][o.s.a.p.AbstractManagedProcess] Process exited with exit value [es]: 143
2021.09.22 19:55:36 INFO  app[][o.s.a.SchedulerImpl] Process[es] is stopped
2021.09.22 19:55:36 INFO  app[][o.s.a.SchedulerImpl] SonarQube is stopped
2021.09.22 19:55:40 INFO  app[][o.s.a.AppFileSystem] Cleaning or creating temp directory /opt/sonarqube/temp
2021.09.22 19:55:40 INFO  app[][o.s.a.es.EsSettings] Elasticsearch listening on /127.0.0.1:9001
2021.09.22 19:55:41 INFO  app[][o.s.a.ProcessLauncherImpl] Launch process[[key='es', ipcIndex=1, logFilenamePrefix=es]] from [/opt/sonarqube/elasticsearch]: /opt/sonarqube/elasticsearch/bin/elasticsearch
2021.09.22 19:55:41 INFO  app[][o.s.a.SchedulerImpl] Waiting for Elasticsearch to be up and running
2021.09.22 19:55:42 INFO  app[][o.e.p.PluginsService] no modules loaded
2021.09.22 19:55:42 INFO  app[][o.e.p.PluginsService] loaded plugin [org.elasticsearch.transport.Netty4Plugin]
2021.09.22 19:56:29 INFO  app[][o.s.a.SchedulerImpl] Process[es] is up
2021.09.22 19:56:29 INFO  app[][o.s.a.ProcessLauncherImpl] Launch process[[key='web', ipcIndex=2, logFilenamePrefix=web]] from [/opt/sonarqube]: /usr/local/openjdk-11/bin/java -Djava.awt.headless=true -Dfile.encoding=UTF-8 -Djava.io.tmpdir=/opt/sonarqube/temp --add-opens=java.base/java.util=ALL-UNNAMED --add-opens=java.base/java.lang=ALL-UNNAMED --add-opens=java.base/java.io=ALL-UNNAMED --add-opens=java.rmi/sun.rmi.transport=ALL-UNNAMED -Xmx512m -Xms128m -XX:+HeapDumpOnOutOfMemoryError -Djava.security.egd=file:/dev/./urandom -Dhttp.nonProxyHosts=localhost|127.*|[::1] -cp ./lib/common/*:/opt/sonarqube/lib/jdbc/h2/h2-1.3.176.jar org.sonar.server.app.WebServer /opt/sonarqube/temp/sq-process5010549042622627684properties
2021.09.22 19:57:22 INFO  app[][o.s.a.SchedulerImpl] Process[web] is stopped
2021.09.22 19:57:24 WARN  app[][o.s.a.p.AbstractManagedProcess] Process exited with exit value [es]: 143
2021.09.22 19:57:24 INFO  app[][o.s.a.SchedulerImpl] Process[es] is stopped
2021.09.22 19:57:24 INFO  app[][o.s.a.SchedulerImpl] SonarQube is stopped
2021.09.22 19:57:28 INFO  app[][o.s.a.AppFileSystem] Cleaning or creating temp directory /opt/sonarqube/temp
2021.09.22 19:57:28 INFO  app[][o.s.a.es.EsSettings] Elasticsearch listening on /127.0.0.1:9001
2021.09.22 19:57:28 INFO  app[][o.s.a.ProcessLauncherImpl] Launch process[[key='es', ipcIndex=1, logFilenamePrefix=es]] from [/opt/sonarqube/elasticsearch]: /opt/sonarqube/elasticsearch/bin/elasticsearch
2021.09.22 19:57:28 INFO  app[][o.s.a.SchedulerImpl] Waiting for Elasticsearch to be up and running
2021.09.22 19:57:29 INFO  app[][o.e.p.PluginsService] no modules loaded
2021.09.22 19:57:29 INFO  app[][o.e.p.PluginsService] loaded plugin [org.elasticsearch.transport.Netty4Plugin]
2021.09.22 19:58:20 INFO  app[][o.s.a.SchedulerImpl] Process[es] is up
2021.09.22 19:58:20 INFO  app[][o.s.a.ProcessLauncherImpl] Launch process[[key='web', ipcIndex=2, logFilenamePrefix=web]] from [/opt/sonarqube]: /usr/local/openjdk-11/bin/java -Djava.awt.headless=true -Dfile.encoding=UTF-8 -Djava.io.tmpdir=/opt/sonarqube/temp --add-opens=java.base/java.util=ALL-UNNAMED --add-opens=java.base/java.lang=ALL-UNNAMED --add-opens=java.base/java.io=ALL-UNNAMED --add-opens=java.rmi/sun.rmi.transport=ALL-UNNAMED -Xmx512m -Xms128m -XX:+HeapDumpOnOutOfMemoryError -Djava.security.egd=file:/dev/./urandom -Dhttp.nonProxyHosts=localhost|127.*|[::1] -cp ./lib/common/*:/opt/sonarqube/lib/jdbc/h2/h2-1.3.176.jar org.sonar.server.app.WebServer /opt/sonarqube/temp/sq-process1047699240137822041properties
2021.09.22 19:58:56 INFO  app[][o.s.a.SchedulerImpl] Process[web] is up
2021.09.22 19:58:56 INFO  app[][o.s.a.ProcessLauncherImpl] Launch process[[key='ce', ipcIndex=3, logFilenamePrefix=ce]] from [/opt/sonarqube]: /usr/local/openjdk-11/bin/java -Djava.awt.headless=true -Dfile.encoding=UTF-8 -Djava.io.tmpdir=/opt/sonarqube/temp --add-opens=java.base/java.util=ALL-UNNAMED -Xmx512m -Xms128m -XX:+HeapDumpOnOutOfMemoryError -Dhttp.nonProxyHosts=localhost|127.*|[::1] -cp ./lib/common/*:/opt/sonarqube/lib/jdbc/h2/h2-1.3.176.jar org.sonar.ce.app.CeServer /opt/sonarqube/temp/sq-process8060438390330692719properties
2021.09.22 19:59:18 INFO  app[][o.s.a.SchedulerImpl] Process[ce] is up
2021.09.22 19:59:18 INFO  app[][o.s.a.SchedulerImpl] SonarQube is up
